{"/Users/zhanghua/Documents/study/study-build-webpack/lib/webpack.base.js":{"path":"/Users/zhanghua/Documents/study/study-build-webpack/lib/webpack.base.js","s":{"1":1,"2":1,"3":1,"4":1,"5":1,"6":1,"7":1,"8":1,"9":1,"10":1,"11":1,"12":1,"13":1,"14":2,"15":2,"16":2,"17":2,"18":2,"19":1,"20":1,"21":1,"22":0,"23":0,"24":0,"25":0},"b":{"1":[2,2],"2":[0,0],"3":[0,0,0]},"f":{"1":0},"fnMap":{"1":{"name":"errorPlugin","line":129,"loc":{"start":{"line":129,"column":8},"end":{"line":129,"column":32}}}},"statementMap":{"1":{"start":{"line":2,"column":0},"end":{"line":2,"column":29}},"2":{"start":{"line":3,"column":0},"end":{"line":3,"column":29}},"3":{"start":{"line":4,"column":0},"end":{"line":4,"column":45}},"4":{"start":{"line":5,"column":0},"end":{"line":5,"column":63}},"5":{"start":{"line":6,"column":0},"end":{"line":6,"column":64}},"6":{"start":{"line":7,"column":0},"end":{"line":7,"column":57}},"7":{"start":{"line":8,"column":0},"end":{"line":8,"column":78}},"8":{"start":{"line":11,"column":0},"end":{"line":11,"column":34}},"9":{"start":{"line":12,"column":0},"end":{"line":45,"column":2}},"10":{"start":{"line":13,"column":4},"end":{"line":13,"column":21}},"11":{"start":{"line":14,"column":4},"end":{"line":14,"column":34}},"12":{"start":{"line":15,"column":4},"end":{"line":15,"column":77}},"13":{"start":{"line":17,"column":4},"end":{"line":40,"column":11}},"14":{"start":{"line":19,"column":12},"end":{"line":19,"column":48}},"15":{"start":{"line":20,"column":12},"end":{"line":20,"column":66}},"16":{"start":{"line":21,"column":12},"end":{"line":21,"column":47}},"17":{"start":{"line":22,"column":12},"end":{"line":22,"column":40}},"18":{"start":{"line":23,"column":12},"end":{"line":39,"column":14}},"19":{"start":{"line":41,"column":4},"end":{"line":44,"column":6}},"20":{"start":{"line":46,"column":0},"end":{"line":46,"column":47}},"21":{"start":{"line":49,"column":0},"end":{"line":138,"column":2}},"22":{"start":{"line":94,"column":43},"end":{"line":98,"column":29}},"23":{"start":{"line":130,"column":12},"end":{"line":134,"column":15}},"24":{"start":{"line":131,"column":16},"end":{"line":133,"column":17}},"25":{"start":{"line":132,"column":20},"end":{"line":132,"column":36}}},"branchMap":{"1":{"line":21,"type":"binary-expr","locations":[{"start":{"line":21,"column":29},"end":{"line":21,"column":34}},{"start":{"line":21,"column":38},"end":{"line":21,"column":46}}]},"2":{"line":131,"type":"if","locations":[{"start":{"line":131,"column":16},"end":{"line":131,"column":16}},{"start":{"line":131,"column":16},"end":{"line":131,"column":16}}]},"3":{"line":131,"type":"binary-expr","locations":[{"start":{"line":131,"column":20},"end":{"line":131,"column":44}},{"start":{"line":131,"column":48},"end":{"line":131,"column":79}},{"start":{"line":131,"column":83},"end":{"line":131,"column":121}}]}}}}